

> frontend@0.2.0 build /Users/andy/Development/vetkd-utils/packages/frontend
> rollup -c --bundleConfigAsCjs

No local canister_ids.json found. Continuing production
No production canister_ids.json found. Continuing with local
Unknown output options: sourceMap. Allowed options: amd, assetFileNames, banner, chunkFileNames, compact, dir, dynamicImportFunction, dynamicImportInCjs, entryFileNames, esModule, experimentalDeepDynamicChunkOptimization, experimentalMinChunkSize, exports, extend, externalImportAssertions, externalLiveBindings, file, footer, format, freeze, generatedCode, globals, hoistTransitiveImports, indent, inlineDynamicImports, interop, intro, manualChunks, minifyInternalExports, name, namespaceToStringTag, noConflict, outro, paths, plugins, preferConst, preserveModules, preserveModulesRoot, sanitizeFileName, sourcemap, sourcemapBaseUrl, sourcemapExcludeSources, sourcemapFile, sourcemapFileNames, sourcemapIgnoreList, sourcemapPathTransform, strict, systemNullSetters, validate
[36m
[1msrc/main.ts[22m → [1mpublic/build/main.js[22m...[39m
@rollup/plugin-typescript TS2307: Cannot find module '../lib/actor' or its corresponding type declarations.
@rollup/plugin-typescript TS2307: Cannot find module '../lib/crypto' or its corresponding type declarations.
@rollup/plugin-typescript TS2307: Cannot find module '../lib/sleep' or its corresponding type declarations.
@rollup/plugin-typescript TS2307: Cannot find module '../lib/actor' or its corresponding type declarations.
@rollup/plugin-typescript TS2307: Cannot find module '../lib/backend' or its corresponding type declarations.
@rollup/plugin-typescript TS2307: Cannot find module '../lib/crypto' or its corresponding type declarations.
@rollup/plugin-typescript TS2307: Cannot find module '../lib/note' or its corresponding type declarations.

[35m🌼 daisyUI components 1.25.4[0m [0m https://github.com/saadeghi/daisyui
  [32m✔︎ Including:[0m [0m base, components, themes[22], utilities
  

[1m[33mwarn[39m[22m - No utility classes were detected in your source files. If this is unexpected, double-check the `content` option in your Tailwind CSS configuration.
[1m[33mwarn[39m[22m - https://tailwindcss.com/docs/content-configuration
[1m[31m[!] [1mRollupError: Could not resolve "../lib/sleep" from "src/store/auth.ts"[22m[1m[39m[22m
src/store/auth.ts
[2m    at error (/Users/andy/Development/vetkd-utils/node_modules/.pnpm/rollup@3.29.5/node_modules/rollup/dist/shared/rollup.js:353:30)
    at ModuleLoader.handleInvalidResolvedId (/Users/andy/Development/vetkd-utils/node_modules/.pnpm/rollup@3.29.5/node_modules/rollup/dist/shared/rollup.js:26015:24)
    at /Users/andy/Development/vetkd-utils/node_modules/.pnpm/rollup@3.29.5/node_modules/rollup/dist/shared/rollup.js:25977:26[22m


[41m[30m ELIFECYCLE [39m[49m [31mCommand failed with exit code 1.[39m
