

> @shipstone-labs/vetkd-notes-client@0.1.0 build /Users/andy/Development/vetkd-utils/packages/vetkd-notes-client
> wasm-pack build --target web && rm pkg/README.md pkg/.gitignore pkg/LICENSE pkg/package.json && mv pkg/* src/ && rm -rf pkg && tsup && mv src/*.wasm* dist/

[1m[2m[INFO][0m: 🎯  Checking for the Wasm target...
[1m[2m[INFO][0m: 🌀  Compiling to Wasm...
[1m[32m    Finished[0m ]8;;https://doc.rust-lang.org/cargo/reference/profiles.html#default-profiles\`release` profile [optimized]]8;;\ target(s) in 0.09s
[1m[2m[INFO][0m: ⬇️  Installing wasm-bindgen...
[1m[2m[INFO][0m: Optimizing wasm binaries with `wasm-opt`...
[1m[2m[INFO][0m: ✨   Done in 0.49s
[1m[2m[INFO][0m: 📦   Your wasm pkg is ready to publish at /Users/andy/Development/vetkd-utils/packages/vetkd-notes-client/pkg.
[34mCLI[39m Building entry: src/index.ts
[34mCLI[39m tsup v8.3.5
[34mCLI[39m Using tsup config: /Users/andy/Development/vetkd-utils/packages/vetkd-notes-client/tsup.config.ts
[34mCLI[39m Target: node16
[34mCLI[39m Cleaning output folder
[34mESM[39m Build start
[34mCJS[39m Build start

[90m[[90m9:49:51 PM[90m][39m [43m[30m WARN [39m[49m [33m▲ [43;33m[[43;30mWARNING[43;33m][0m [1m"import.meta" is not available with the "cjs" output format and will be empty[0m [empty-import-meta]

    src/vetkd_notes_client.js:359:63:
[37m      359 │ ...or_path = new URL('vetkd_notes_client_bg.wasm', [32mimport.meta[37m.url);
          ╵                                                    [32m~~~~~~~~~~~[0m

  You need to set the output format to "esm" for "import.meta" to work correctly.



[32mCJS[39m [1mdist/index.cjs     [22m[32m13.05 KB[39m
[32mCJS[39m [1mdist/index.cjs.map [22m[32m20.12 KB[39m
[32mCJS[39m ⚡️ Build success in 41ms
[32mESM[39m [1mdist/index.js     [22m[32m11.91 KB[39m
[32mESM[39m [1mdist/index.js.map [22m[32m20.01 KB[39m
[32mESM[39m ⚡️ Build success in 41ms
DTS Build start
DTS ⚡️ Build success in 239ms
DTS dist/index.d.ts  5.46 KB
DTS dist/index.d.cts 5.46 KB
